<?xml version="1.0" encoding="UTF-8"?>
<!-- Generated by org.testng.reporters.JUnitReportReporter -->
<testsuite hostname="IPLCEWKS01111" name="Testcase.NewTC01" tests="1" failures="0" timestamp="25 Apr 2018 11:33:17 GMT" time="0.022" errors="0">
  <testcase name="testcase01" time="0.022" classname="Testcase.NewTC01"/>
</testsuite> <!-- Testcase.NewTC01 -->
